<?xml version="1.0" encoding="UTF-8"?>
<!-- Generated by org.testng.reporters.JUnitReportReporter -->
<testsuite hostname="LAPTOP-LNOUB0U0" failures="0" tests="1" name="omayo.testcases.VerifyPageNavigation" time="34.356" errors="0" timestamp="2023-08-14T14:50:39 IST" skipped="0">
  <testcase classname="omayo.testcases.VerifyPageNavigation" name="verifyNavigation" time="34.356"/>
</testsuite> <!-- omayo.testcases.VerifyPageNavigation -->
