<?xml version="1.0" encoding="UTF-8"?>
<!-- Generated by org.testng.reporters.JUnitReportReporter -->
<testsuite hostname="LAPTOP-LNOUB0U0" failures="0" tests="2" name="selenium.practicespro.TestNgPriorityAndGroups" time="0.008" errors="0" timestamp="2023-08-08T15:16:19 IST" skipped="0">
  <testcase classname="selenium.practicespro.TestNgPriorityAndGroups" name="test1" time="0.001"/>
  <testcase classname="selenium.practicespro.TestNgPriorityAndGroups" name="cd" time="0.007"/>
</testsuite> <!-- selenium.practicespro.TestNgPriorityAndGroups -->
