<?xml version="1.0" encoding="UTF-8"?>
<!-- Generated by org.testng.reporters.JUnitReportReporter -->
<testsuite hostname="LAPTOP-LNOUB0U0" failures="0" tests="3" name="selenium.practicespro.DataDrivenTesting" time="67.165" errors="0" timestamp="2023-08-11T17:52:56 IST" skipped="0">
  <testcase classname="selenium.practicespro.DataDrivenTesting" name="verifyValidLoginWithDifferentUser" time="31.689"/>
  <testcase classname="selenium.practicespro.DataDrivenTesting" name="verifyValidLoginWithDifferentUser" time="16.534"/>
  <testcase classname="selenium.practicespro.DataDrivenTesting" name="verifyValidLoginWithDifferentUser" time="18.942"/>
</testsuite> <!-- selenium.practicespro.DataDrivenTesting -->
