<?xml version="1.0" encoding="UTF-8"?>
<!-- Generated by org.testng.reporters.JUnitReportReporter -->
<testsuite hostname="LAPTOP-LNOUB0U0" failures="0" tests="3" name="selenium.practicespro.ParellelTesting" time="54.765" errors="0" timestamp="2023-08-12T22:44:01 IST" skipped="0">
  <testcase classname="selenium.practicespro.ParellelTesting" name="verifyPageUrl" time="13.545"/>
  <testcase classname="selenium.practicespro.ParellelTesting" name="verifyPageTitle" time="15.304"/>
  <testcase classname="selenium.practicespro.ParellelTesting" name="verifyValidLoginWithDifferentUser" time="25.916"/>
</testsuite> <!-- selenium.practicespro.ParellelTesting -->
