<?xml version="1.0" encoding="UTF-8"?>
<!-- Generated by org.testng.reporters.JUnitReportReporter -->
<testsuite hostname="LAPTOP-LNOUB0U0" failures="0" tests="1" name="omayoblogs.pages.VerufyMultiSelectFunctionalityOfDropDown" time="7.049" errors="0" timestamp="2023-08-13T21:38:10 IST" skipped="0">
  <testcase classname="omayoblogs.pages.VerufyMultiSelectFunctionalityOfDropDown" name="VerufyMultiSelectFunctionalityfDropDown" time="7.049"/>
</testsuite> <!-- omayoblogs.pages.VerufyMultiSelectFunctionalityOfDropDown -->
