<?xml version="1.0" encoding="UTF-8"?>
<!-- Generated by org.testng.reporters.JUnitReportReporter -->
<testsuite hostname="LAPTOP-LNOUB0U0" failures="0" tests="1" name="omayo.testcases.VerifyTableData" time="9.801" errors="0" timestamp="2023-08-14T15:42:11 IST" skipped="0">
  <testcase classname="omayo.testcases.VerifyTableData" name="verifyTableOfApplication" time="9.801"/>
</testsuite> <!-- omayo.testcases.VerifyTableData -->
