<?xml version="1.0" encoding="UTF-8"?>
<!-- Generated by org.testng.reporters.JUnitReportReporter -->
<testsuite hostname="LAPTOP-LNOUB0U0" failures="0" tests="1" name="selenium.practicespro.TestNgPriority" time="0.007" errors="0" timestamp="2023-08-08T14:16:00 IST" skipped="0">
  <testcase classname="selenium.practicespro.TestNgPriority" name="Testng" time="0.007"/>
</testsuite> <!-- selenium.practicespro.TestNgPriority -->
