<?xml version="1.0" encoding="UTF-8"?>
<!-- Generated by org.testng.reporters.JUnitReportReporter -->
<testsuite hostname="LAPTOP-LNOUB0U0" failures="0" tests="1" name="selenium.practicespro.TestNgAnnotations" time="0.005" errors="0" timestamp="2023-08-08T14:29:26 IST" skipped="0">
  <testcase classname="selenium.practicespro.TestNgAnnotations" name="Testng1" time="0.005"/>
</testsuite> <!-- selenium.practicespro.TestNgAnnotations -->
